Using pre-set license
Built from '2020.3/release' branch; Version is '2020.3.7f1 (dd97f2c94397) revision 14522354'; Using compiler version '192528614'; Build Type 'Release'
OS: 'Windows 10 Pro; OS build 19042.1348; Version 2009; 64bit' Language: 'ja' Physical Memory: 16316 MB
BatchMode: 1, IsHumanControllingUs: 0, StartBugReporterOnCrash: 0, Is64bit: 1, IsPro: 0

 COMMAND LINE ARGUMENTS:
C:\Program Files\Unity\Hub\Editor\2020.3.7f1\Editor\Unity.exe
-adb2
-batchMode
-noUpm
-name
AssetImportWorker0
-projectPath
D:/Unity/TsunamiVR01/TsunamiVRUnityProject
-logFile
Logs/AssetImportWorker0.log
-srvPort
63812
Successfully changed project path to: D:/Unity/TsunamiVR01/TsunamiVRUnityProject
D:/Unity/TsunamiVR01/TsunamiVRUnityProject
Using Asset Import Pipeline V2.
Refreshing native plugins compatible for Editor in 85.87 ms, found 13 plugins.
Preloading 1 native plugins for Editor in 1.44 ms.
Initialize engine version: 2020.3.7f1 (dd97f2c94397)
[Subsystems] Discovering subsystems at path C:/Program Files/Unity/Hub/Editor/2020.3.7f1/Editor/Data/Resources/UnitySubsystems
[Subsystems] Discovering subsystems at path D:/Unity/TsunamiVR01/TsunamiVRUnityProject/Assets
GfxDevice: creating device client; threaded=0
Direct3D:
    Version:  Direct3D 11.0 [level 11.1]
    Renderer: NVIDIA GeForce GTX 1060 6GB (ID=0x1c03)
    Vendor:   
    VRAM:     6052 MB
    Driver:   30.0.14.9613
Shader 'Oculus/OVRMRCameraFrameLit': fallback shader 'Alpha-Diffuse' not found
Initialize mono
Mono path[0] = 'C:/Program Files/Unity/Hub/Editor/2020.3.7f1/Editor/Data/Managed'
Mono path[1] = 'C:/Program Files/Unity/Hub/Editor/2020.3.7f1/Editor/Data/MonoBleedingEdge/lib/mono/unityjit'
Mono config path = 'C:/Program Files/Unity/Hub/Editor/2020.3.7f1/Editor/Data/MonoBleedingEdge/etc'
Using monoOptions --debugger-agent=transport=dt_socket,embedding=1,server=y,suspend=n,address=127.0.0.1:56776
Begin MonoManager ReloadAssembly
Registering precompiled unity dll's ...
Register platform support module: C:/Program Files/Unity/Hub/Editor/2020.3.7f1/Editor/Data/PlaybackEngines/WebGLSupport/UnityEditor.WebGL.Extensions.dll
Register platform support module: C:/Program Files/Unity/Hub/Editor/2020.3.7f1/Editor/Data/PlaybackEngines/WindowsStandaloneSupport/UnityEditor.WindowsStandalone.Extensions.dll
Registered in 0.002443 seconds.
Native extension for WindowsStandalone target not found
Native extension for WebGL target not found
Refreshing native plugins compatible for Editor in 83.66 ms, found 13 plugins.
Preloading 1 native plugins for Editor in 0.05 ms.
Mono: successfully reloaded assembly
- Completed reload, in  2.128 seconds
Platform modules already initialized, skipping
Registering precompiled user dll's ...
Registered in 0.003845 seconds.
Begin MonoManager ReloadAssembly
Native extension for WindowsStandalone target not found
Native extension for WebGL target not found
Refreshing native plugins compatible for Editor in 1.06 ms, found 13 plugins.
Preloading 1 native plugins for Editor in 0.06 ms.
[XR] OculusXRPlugin: registering subsystems
[XR] Unable to register display lifecyle provider: [1]
[XR] Oculus Input lifecycle provider registered.
[XR] Unable to register input lifecyle provider: [1]
[XR] OVRP version 1.65.0
Mono: successfully reloaded assembly
- Completed reload, in  1.091 seconds
Platform modules already initialized, skipping
========================================================================
Worker process is ready to serve import requests
Shader 'Oculus/OVRMRCameraFrameLit': fallback shader 'Alpha-Diffuse' not found
Launched and connected shader compiler UnityShaderCompiler.exe after 0.07 seconds
Refreshing native plugins compatible for Editor in 1.02 ms, found 13 plugins.
Preloading 1 native plugins for Editor in 0.05 ms.
Unloading 2183 Unused Serialized files (Serialized files now loaded: 0)
System memory in use before: 125.4 MB.
System memory in use after: 124.7 MB.

Unloading 47 unused Assets to reduce memory usage. Loaded Objects now: 2619.
Total: 2.958800 ms (FindLiveObjects: 0.266200 ms CreateObjectMapping: 0.058700 ms MarkObjects: 1.916100 ms  DeleteObjects: 0.716100 ms)

========================================================================
Received Import Request.
  path: Assets/Resources/Models/export_blender/hakodate_akarenga1_u1_v1.png
  artifactKey: Guid(bf01151da55b41049b6fa802e21b4557) Importer(815301076,1909f56bfc062723c751e8b465ee728b)
Start importing Assets/Resources/Models/export_blender/hakodate_akarenga1_u1_v1.png using Guid(bf01151da55b41049b6fa802e21b4557) Importer(815301076,1909f56bfc062723c751e8b465ee728b)  -> (artifact id: 'ea84e25470c5e2240d0c38e5a1c58840') in 0.124131 seconds
  Import took 0.174499 seconds .

========================================================================
Received Import Request.
  Time since last request: 0.000251 seconds.
  path: Assets/Resources/Models/export_blender
  artifactKey: Guid(87f8ce49c7cc0d849abe8d86736d33ee) Importer(815301076,1909f56bfc062723c751e8b465ee728b)
Start importing Assets/Resources/Models/export_blender using Guid(87f8ce49c7cc0d849abe8d86736d33ee) Importer(815301076,1909f56bfc062723c751e8b465ee728b)  -> (artifact id: '3fedb004ea4c2c905fda3f9342552c19') in 0.010830 seconds
  Import took 0.015046 seconds .

========================================================================
Received Import Request.
  Time since last request: 0.000235 seconds.
  path: Assets/Resources/Models/export_blender/hakodate_akarenga1.fbx
  artifactKey: Guid(3fbc87dde823ad74488eafe9c1633e8a) Importer(815301076,1909f56bfc062723c751e8b465ee728b)
Start importing Assets/Resources/Models/export_blender/hakodate_akarenga1.fbx using Guid(3fbc87dde823ad74488eafe9c1633e8a) Importer(815301076,1909f56bfc062723c751e8b465ee728b)  -> (artifact id: '080e871dec5bcbe8fcb628cf02ba7d16') in 0.129512 seconds
  Import took 0.133488 seconds .

========================================================================
Received Prepare
Registering precompiled user dll's ...
Registered in 0.003830 seconds.
Begin MonoManager ReloadAssembly
Native extension for WindowsStandalone target not found
Native extension for WebGL target not found
Refreshing native plugins compatible for Editor in 1.11 ms, found 13 plugins.
Preloading 1 native plugins for Editor in 0.06 ms.
Mono: successfully reloaded assembly
- Completed reload, in  1.096 seconds
Platform modules already initialized, skipping
Shader 'Oculus/OVRMRCameraFrameLit': fallback shader 'Alpha-Diffuse' not found
Refreshing native plugins compatible for Editor in 1.14 ms, found 13 plugins.
Preloading 1 native plugins for Editor in 0.06 ms.
Unloading 2043 Unused Serialized files (Serialized files now loaded: 0)
System memory in use before: 116.2 MB.
System memory in use after: 115.5 MB.

Unloading 42 unused Assets to reduce memory usage. Loaded Objects now: 2667.
Total: 2.897500 ms (FindLiveObjects: 0.303100 ms CreateObjectMapping: 0.057300 ms MarkObjects: 1.846900 ms  DeleteObjects: 0.688700 ms)

========================================================================
Received Prepare
Registering precompiled user dll's ...
Registered in 0.003723 seconds.
Begin MonoManager ReloadAssembly
Native extension for WindowsStandalone target not found
Native extension for WebGL target not found
Refreshing native plugins compatible for Editor in 1.10 ms, found 13 plugins.
Preloading 1 native plugins for Editor in 0.07 ms.
Mono: successfully reloaded assembly
- Completed reload, in  1.054 seconds
Platform modules already initialized, skipping
Shader 'Oculus/OVRMRCameraFrameLit': fallback shader 'Alpha-Diffuse' not found
Refreshing native plugins compatible for Editor in 1.23 ms, found 13 plugins.
Preloading 1 native plugins for Editor in 0.06 ms.
Unloading 2043 Unused Serialized files (Serialized files now loaded: 0)
System memory in use before: 116.2 MB.
System memory in use after: 115.5 MB.

Unloading 42 unused Assets to reduce memory usage. Loaded Objects now: 2671.
Total: 3.068000 ms (FindLiveObjects: 0.258500 ms CreateObjectMapping: 0.056800 ms MarkObjects: 1.947400 ms  DeleteObjects: 0.804200 ms)

========================================================================
Received Prepare
Registering precompiled user dll's ...
Registered in 0.004246 seconds.
Begin MonoManager ReloadAssembly
Native extension for WindowsStandalone target not found
Native extension for WebGL target not found
Refreshing native plugins compatible for Editor in 1.12 ms, found 13 plugins.
Preloading 1 native plugins for Editor in 0.06 ms.
Mono: successfully reloaded assembly
- Completed reload, in  1.040 seconds
Platform modules already initialized, skipping
Shader 'Oculus/OVRMRCameraFrameLit': fallback shader 'Alpha-Diffuse' not found
Refreshing native plugins compatible for Editor in 1.12 ms, found 13 plugins.
Preloading 1 native plugins for Editor in 0.05 ms.
Unloading 2043 Unused Serialized files (Serialized files now loaded: 0)
System memory in use before: 116.3 MB.
System memory in use after: 115.6 MB.

Unloading 42 unused Assets to reduce memory usage. Loaded Objects now: 2675.
Total: 3.349800 ms (FindLiveObjects: 0.281900 ms CreateObjectMapping: 0.059300 ms MarkObjects: 2.186000 ms  DeleteObjects: 0.820700 ms)

========================================================================
Received Import Request.
  Time since last request: 1018.406887 seconds.
  path: Assets/Resources/Models/export_blender/hakodate_akarenga1 1.fbx
  artifactKey: Guid(63c6442cc1c8ed84b806f4292f87e3fe) Importer(815301076,1909f56bfc062723c751e8b465ee728b)
Start importing Assets/Resources/Models/export_blender/hakodate_akarenga1 1.fbx using Guid(63c6442cc1c8ed84b806f4292f87e3fe) Importer(815301076,1909f56bfc062723c751e8b465ee728b)  -> (artifact id: 'f724a5b8619962fc1dbf8ad82d0b3d76') in 0.202587 seconds
  Import took 0.262849 seconds .

========================================================================
Received Import Request.
  Time since last request: 27.240344 seconds.
  path: Assets/Resources/Models/export_blender/hakodate_akarenga2.fbx
  artifactKey: Guid(3fbc87dde823ad74488eafe9c1633e8a) Importer(815301076,1909f56bfc062723c751e8b465ee728b)
Start importing Assets/Resources/Models/export_blender/hakodate_akarenga2.fbx using Guid(3fbc87dde823ad74488eafe9c1633e8a) Importer(815301076,1909f56bfc062723c751e8b465ee728b)  -> (artifact id: '8a176be8888f4a9654adfee84fe4c70f') in 0.062957 seconds
  Import took 0.067475 seconds .

========================================================================
Received Import Request.
  Time since last request: 8.160702 seconds.
  path: Assets/Resources/Models/export_blender/hakodate_akarenga1.fbx
  artifactKey: Guid(63c6442cc1c8ed84b806f4292f87e3fe) Importer(815301076,1909f56bfc062723c751e8b465ee728b)
Start importing Assets/Resources/Models/export_blender/hakodate_akarenga1.fbx using Guid(63c6442cc1c8ed84b806f4292f87e3fe) Importer(815301076,1909f56bfc062723c751e8b465ee728b)  -> (artifact id: 'fd4b682c5f198e5606b0bc1c0e67a0d0') in 0.075666 seconds
  Import took 0.100380 seconds .

========================================================================
Received Import Request.
  Time since last request: 53.600324 seconds.
  path: Assets/Resources/Models/export_blender/hakodate_akarenga.fbx
  artifactKey: Guid(caaeb3c24df11ab4ea6ca516996a4780) Importer(815301076,1909f56bfc062723c751e8b465ee728b)
Start importing Assets/Resources/Models/export_blender/hakodate_akarenga.fbx using Guid(caaeb3c24df11ab4ea6ca516996a4780) Importer(815301076,1909f56bfc062723c751e8b465ee728b)  -> (artifact id: '1ca5fc4c4b1a302f4ed02eb613d8ede0') in 0.022472 seconds
  Import took 0.027155 seconds .

========================================================================
Received Import Request.
  Time since last request: 0.000227 seconds.
  path: Assets/Resources/Models/export_blender/hakodate_akarenga1.fbx
  artifactKey: Guid(63c6442cc1c8ed84b806f4292f87e3fe) Importer(815301076,1909f56bfc062723c751e8b465ee728b)
Start importing Assets/Resources/Models/export_blender/hakodate_akarenga1.fbx using Guid(63c6442cc1c8ed84b806f4292f87e3fe) Importer(815301076,1909f56bfc062723c751e8b465ee728b)  -> (artifact id: '4d734f8a4c3a4a415eaf55cf4b0cccb0') in 0.074724 seconds
  Import took 0.099169 seconds .

========================================================================
Received Import Request.
  Time since last request: 29.170475 seconds.
  path: Assets/Resources/Models/export_blender/hakodate_akarenga1.mtl
  artifactKey: Guid(e864a3659192ada44936a40763b00c7a) Importer(815301076,1909f56bfc062723c751e8b465ee728b)
Start importing Assets/Resources/Models/export_blender/hakodate_akarenga1.mtl using Guid(e864a3659192ada44936a40763b00c7a) Importer(815301076,1909f56bfc062723c751e8b465ee728b)  -> (artifact id: '35a64476c6020b660992618177c77344') in 0.008894 seconds
  Import took 0.031604 seconds .

========================================================================
Received Import Request.
  Time since last request: 0.536487 seconds.
  path: Assets/Resources/Models/export_blender/hakodate_akarenga1.obj.rcInfo
  artifactKey: Guid(dde9487728c7a1f46a4a164e3d48639f) Importer(815301076,1909f56bfc062723c751e8b465ee728b)
Start importing Assets/Resources/Models/export_blender/hakodate_akarenga1.obj.rcInfo using Guid(dde9487728c7a1f46a4a164e3d48639f) Importer(815301076,1909f56bfc062723c751e8b465ee728b)  -> (artifact id: '5da045512e1d22b1bb51b478c00bd878') in 0.010193 seconds
  Import took 0.014491 seconds .

